#
# There is insufficient memory for the Java Runtime Environment to continue.
# Native memory allocation (malloc) failed to allocate 155696 bytes for Chunk::new
# Possible reasons:
#   The system is out of physical RAM or swap space
#   The process is running with CompressedOops enabled, and the Java Heap may be blocking the growth of the native heap
# Possible solutions:
#   Reduce memory load on the system
#   Increase physical memory or swap space
#   Check if swap backing store is full
#   Decrease Java heap size (-Xmx/-Xms)
#   Decrease number of Java threads
#   Decrease Java thread stack sizes (-Xss)
#   Set larger code cache with -XX:ReservedCodeCacheSize=
#   JVM is running with Unscaled Compressed Oops mode in which the Java heap is
#     placed in the first 4GB address space. The Java Heap base address is the
#     maximum limit for the native heap growth. Please use -XX:HeapBaseMinAddress
#     to set the Java Heap base and to place the Java Heap above 4GB virtual address.
# This output file may be truncated or incomplete.
#
#  Out of Memory Error (./open/src/hotspot/share/memory/arena.cpp:197), pid=11868, tid=10740
#
# JRE version: Java(TM) SE Runtime Environment 18.9 (11.0.13+10) (build 11.0.13+10-LTS-370)
# Java VM: Java HotSpot(TM) 64-Bit Server VM 18.9 (11.0.13+10-LTS-370, mixed mode, tiered, compressed oops, g1 gc, windows-amd64)
# No core dump will be written. Minidumps are not enabled by default on client versions of Windows
#

---------------  S U M M A R Y ------------

Command Line: -javaagent:C:\Program Files\JetBrains\IntelliJ IDEA Community Edition 2021.3.2\lib\idea_rt.jar=51973:C:\Program Files\JetBrains\IntelliJ IDEA Community Edition 2021.3.2\bin -Dfile.encoding=UTF-8 day33_varargs_stringBuilder.C06_StringBuilder

Host: Intel(R) Core(TM) i3-7100U CPU @ 2.40GHz, 4 cores, 3G,  Windows 10 , 64 bit Build 19041 (10.0.19041.1566)
Time: Fri Apr  1 22:47:04 2022 Türkiye Standart Saati elapsed time: 0.713459 seconds (0d 0h 0m 0s)

---------------  T H R E A D  ---------------

Current thread (0x0000020da132f800):  JavaThread "C2 CompilerThread0" daemon [_thread_in_native, id=10740, stack(0x0000007c18700000,0x0000007c18800000)]


Current CompileTask:
C2:    713  164       4       java.util.HashMap::putVal (300 bytes)

Stack: [0x0000007c18700000,0x0000007c18800000]
Native frames: (J=compiled Java code, j=interpreted, Vv=VM code, C=native code)
V  [jvm.dll+0x62870a]
V  [jvm.dll+0x761f2f]
V  [jvm.dll+0x7635d9]
V  [jvm.dll+0x763c63]
V  [jvm.dll+0x23d728]
V  [jvm.dll+0xb293c]
V  [jvm.dll+0xb2efc]
V  [jvm.dll+0x2ae384]
V  [jvm.dll+0x53bfd6]
V  [jvm.dll+0x1f99d7]
V  [jvm.dll+0x1f731d]
V  [jvm.dll+0x177991]
V  [jvm.dll+0x206d84]
V  [jvm.dll+0x204ebb]
V  [jvm.dll+0x727e70]
V  [jvm.dll+0x720a54]
V  [jvm.dll+0x627606]
C  [ucrtbase.dll+0x21bb2]
C  [KERNEL32.DLL+0x17034]
C  [ntdll.dll+0x52651]


---------------  P R O C E S S  ---------------

Threads class SMR info:
_java_thread_list=0x0000020da13788d0, length=10, elements={
0x0000020d85383800, 0x0000020da130b000, 0x0000020da130e000, 0x0000020da1377000,
0x0000020da1328800, 0x0000020da132a800, 0x0000020da132f800, 0x0000020da1399000,
0x0000020da14e8800, 0x0000020da15fb000
}

Java Threads: ( => current thread )
  0x0000020d85383800 JavaThread "main" [_thread_in_native, id=3556, stack(0x0000007c17b00000,0x0000007c17c00000)]
  0x0000020da130b000 JavaThread "Reference Handler" daemon [_thread_blocked, id=8180, stack(0x0000007c18200000,0x0000007c18300000)]
  0x0000020da130e000 JavaThread "Finalizer" daemon [_thread_blocked, id=6064, stack(0x0000007c18300000,0x0000007c18400000)]
  0x0000020da1377000 JavaThread "Signal Dispatcher" daemon [_thread_blocked, id=11292, stack(0x0000007c18400000,0x0000007c18500000)]
  0x0000020da1328800 JavaThread "Attach Listener" daemon [_thread_blocked, id=3420, stack(0x0000007c18500000,0x0000007c18600000)]
  0x0000020da132a800 JavaThread "Service Thread" daemon [_thread_blocked, id=11708, stack(0x0000007c18600000,0x0000007c18700000)]
=>0x0000020da132f800 JavaThread "C2 CompilerThread0" daemon [_thread_in_native, id=10740, stack(0x0000007c18700000,0x0000007c18800000)]
  0x0000020da1399000 JavaThread "C1 CompilerThread0" daemon [_thread_in_native, id=11092, stack(0x0000007c18800000,0x0000007c18900000)]
  0x0000020da14e8800 JavaThread "Sweeper thread" daemon [_thread_blocked, id=3112, stack(0x0000007c18900000,0x0000007c18a00000)]
  0x0000020da15fb000 JavaThread "Common-Cleaner" daemon [_thread_blocked, id=8196, stack(0x0000007c18b00000,0x0000007c18c00000)]

Other Threads:
  0x0000020da12e5000 VMThread "VM Thread" [stack: 0x0000007c18100000,0x0000007c18200000] [id=3256]
  0x0000020d8539b800 GCTaskThread "GC Thread#0" [stack: 0x0000007c17c00000,0x0000007c17d00000] [id=9064]
  0x0000020d8545b800 GCTaskThread "GC Thread#1" [stack: 0x0000007c18a00000,0x0000007c18b00000] [id=8864]
  0x0000020d853b6000 ConcurrentGCThread "G1 Main Marker" [stack: 0x0000007c17d00000,0x0000007c17e00000] [id=5904]
  0x0000020d853b8000 ConcurrentGCThread "G1 Conc#0" [stack: 0x0000007c17e00000,0x0000007c17f00000] [id=8632]
  0x0000020d85410000 ConcurrentGCThread "G1 Refine#0" [stack: 0x0000007c17f00000,0x0000007c18000000] [id=5392]
  0x0000020d85411000 ConcurrentGCThread "G1 Young RemSet Sampling" [stack: 0x0000007c18000000,0x0000007c18100000] [id=5872]

Threads with active compile tasks:
C2 CompilerThread0    760  164       4       java.util.HashMap::putVal (300 bytes)
C1 CompilerThread0    760  170       3       java.lang.AbstractStringBuilder::isLatin1 (19 bytes)

VM state:not at safepoint (normal execution)

VM Mutex/Monitor currently owned by a thread: None

Heap address: 0x00000000c1400000, size: 1004 MB, Compressed Oops mode: 32-bit
Narrow klass base: 0x0000000000000000, Narrow klass shift: 3
Compressed class space size: 1073741824 Address: 0x0000000100000000

Heap:
 garbage-first heap   total 65536K, used 1492K [0x00000000c1400000, 0x0000000100000000)
  region size 1024K, 3 young (3072K), 1 survivors (1024K)
 Metaspace       used 4666K, capacity 4752K, committed 4864K, reserved 1067008K
  class space    used 400K, capacity 439K, committed 512K, reserved 1048576K
Heap Regions: E=young(eden), S=young(survivor), O=old, HS=humongous(starts), HC=humongous(continues), CS=collection set, F=free, A=archive, TAMS=top-at-mark-start (previous, next)
|   0|0x00000000c1400000, 0x00000000c1400000, 0x00000000c1500000|  0%| F|  |TAMS 0x00000000c1400000, 0x00000000c1400000| Untracked 
|   1|0x00000000c1500000, 0x00000000c1500000, 0x00000000c1600000|  0%| F|  |TAMS 0x00000000c1500000, 0x00000000c1500000| Untracked 
|   2|0x00000000c1600000, 0x00000000c1600000, 0x00000000c1700000|  0%| F|  |TAMS 0x00000000c1600000, 0x00000000c1600000| Untracked 
|   3|0x00000000c1700000, 0x00000000c1700000, 0x00000000c1800000|  0%| F|  |TAMS 0x00000000c1700000, 0x00000000c1700000| Untracked 
|   4|0x00000000c1800000, 0x00000000c1800000, 0x00000000c1900000|  0%| F|  |TAMS 0x00000000c1800000, 0x00000000c1800000| Untracked 
|   5|0x00000000c1900000, 0x00000000c1900000, 0x00000000c1a00000|  0%| F|  |TAMS 0x00000000c1900000, 0x00000000c1900000| Untracked 
|   6|0x00000000c1a00000, 0x00000000c1a00000, 0x00000000c1b00000|  0%| F|  |TAMS 0x00000000c1a00000, 0x00000000c1a00000| Untracked 
|   7|0x00000000c1b00000, 0x00000000c1b00000, 0x00000000c1c00000|  0%| F|  |TAMS 0x00000000c1b00000, 0x00000000c1b00000| Untracked 
|   8|0x00000000c1c00000, 0x00000000c1c00000, 0x00000000c1d00000|  0%| F|  |TAMS 0x00000000c1c00000, 0x00000000c1c00000| Untracked 
|   9|0x00000000c1d00000, 0x00000000c1d00000, 0x00000000c1e00000|  0%| F|  |TAMS 0x00000000c1d00000, 0x00000000c1d00000| Untracked 
|  10|0x00000000c1e00000, 0x00000000c1e00000, 0x00000000c1f00000|  0%| F|  |TAMS 0x00000000c1e00000, 0x00000000c1e00000| Untracked 
|  11|0x00000000c1f00000, 0x00000000c1f00000, 0x00000000c2000000|  0%| F|  |TAMS 0x00000000c1f00000, 0x00000000c1f00000| Untracked 
|  12|0x00000000c2000000, 0x00000000c2000000, 0x00000000c2100000|  0%| F|  |TAMS 0x00000000c2000000, 0x00000000c2000000| Untracked 
|  13|0x00000000c2100000, 0x00000000c2100000, 0x00000000c2200000|  0%| F|  |TAMS 0x00000000c2100000, 0x00000000c2100000| Untracked 
|  14|0x00000000c2200000, 0x00000000c2200000, 0x00000000c2300000|  0%| F|  |TAMS 0x00000000c2200000, 0x00000000c2200000| Untracked 
|  15|0x00000000c2300000, 0x00000000c2300000, 0x00000000c2400000|  0%| F|  |TAMS 0x00000000c2300000, 0x00000000c2300000| Untracked 
|  16|0x00000000c2400000, 0x00000000c2400000, 0x00000000c2500000|  0%| F|  |TAMS 0x00000000c2400000, 0x00000000c2400000| Untracked 
|  17|0x00000000c2500000, 0x00000000c2500000, 0x00000000c2600000|  0%| F|  |TAMS 0x00000000c2500000, 0x00000000c2500000| Untracked 
|  18|0x00000000c2600000, 0x00000000c2600000, 0x00000000c2700000|  0%| F|  |TAMS 0x00000000c2600000, 0x00000000c2600000| Untracked 
|  19|0x00000000c2700000, 0x00000000c2700000, 0x00000000c2800000|  0%| F|  |TAMS 0x00000000c2700000, 0x00000000c2700000| Untracked 
|  20|0x00000000c2800000, 0x00000000c2800000, 0x00000000c2900000|  0%| F|  |TAMS 0x00000000c2800000, 0x00000000c2800000| Untracked 
|  21|0x00000000c2900000, 0x00000000c2900000, 0x00000000c2a00000|  0%| F|  |TAMS 0x00000000c2900000, 0x00000000c2900000| Untracked 
|  22|0x00000000c2a00000, 0x00000000c2a00000, 0x00000000c2b00000|  0%| F|  |TAMS 0x00000000c2a00000, 0x00000000c2a00000| Untracked 
|  23|0x00000000c2b00000, 0x00000000c2b00000, 0x00000000c2c00000|  0%| F|  |TAMS 0x00000000c2b00000, 0x00000000c2b00000| Untracked 
|  24|0x00000000c2c00000, 0x00000000c2c00000, 0x00000000c2d00000|  0%| F|  |TAMS 0x00000000c2c00000, 0x00000000c2c00000| Untracked 
|  25|0x00000000c2d00000, 0x00000000c2d00000, 0x00000000c2e00000|  0%| F|  |TAMS 0x00000000c2d00000, 0x00000000c2d00000| Untracked 
|  26|0x00000000c2e00000, 0x00000000c2e00000, 0x00000000c2f00000|  0%| F|  |TAMS 0x00000000c2e00000, 0x00000000c2e00000| Untracked 
|  27|0x00000000c2f00000, 0x00000000c2f00000, 0x00000000c3000000|  0%| F|  |TAMS 0x00000000c2f00000, 0x00000000c2f00000| Untracked 
|  28|0x00000000c3000000, 0x00000000c3000000, 0x00000000c3100000|  0%| F|  |TAMS 0x00000000c3000000, 0x00000000c3000000| Untracked 
|  29|0x00000000c3100000, 0x00000000c3100000, 0x00000000c3200000|  0%| F|  |TAMS 0x00000000c3100000, 0x00000000c3100000| Untracked 
|  30|0x00000000c3200000, 0x00000000c3200000, 0x00000000c3300000|  0%| F|  |TAMS 0x00000000c3200000, 0x00000000c3200000| Untracked 
|  31|0x00000000c3300000, 0x00000000c3300000, 0x00000000c3400000|  0%| F|  |TAMS 0x00000000c3300000, 0x00000000c3300000| Untracked 
|  32|0x00000000c3400000, 0x00000000c3400000, 0x00000000c3500000|  0%| F|  |TAMS 0x00000000c3400000, 0x00000000c3400000| Untracked 
|  33|0x00000000c3500000, 0x00000000c3500000, 0x00000000c3600000|  0%| F|  |TAMS 0x00000000c3500000, 0x00000000c3500000| Untracked 
|  34|0x00000000c3600000, 0x00000000c3600000, 0x00000000c3700000|  0%| F|  |TAMS 0x00000000c3600000, 0x00000000c3600000| Untracked 
|  35|0x00000000c3700000, 0x00000000c3700000, 0x00000000c3800000|  0%| F|  |TAMS 0x00000000c3700000, 0x00000000c3700000| Untracked 
|  36|0x00000000c3800000, 0x00000000c3800000, 0x00000000c3900000|  0%| F|  |TAMS 0x00000000c3800000, 0x00000000c3800000| Untracked 
|  37|0x00000000c3900000, 0x00000000c3900000, 0x00000000c3a00000|  0%| F|  |TAMS 0x00000000c3900000, 0x00000000c3900000| Untracked 
|  38|0x00000000c3a00000, 0x00000000c3a00000, 0x00000000c3b00000|  0%| F|  |TAMS 0x00000000c3a00000, 0x00000000c3a00000| Untracked 
|  39|0x00000000c3b00000, 0x00000000c3b00000, 0x00000000c3c00000|  0%| F|  |TAMS 0x00000000c3b00000, 0x00000000c3b00000| Untracked 
|  40|0x00000000c3c00000, 0x00000000c3c00000, 0x00000000c3d00000|  0%| F|  |TAMS 0x00000000c3c00000, 0x00000000c3c00000| Untracked 
|  41|0x00000000c3d00000, 0x00000000c3d00000, 0x00000000c3e00000|  0%| F|  |TAMS 0x00000000c3d00000, 0x00000000c3d00000| Untracked 
|  42|0x00000000c3e00000, 0x00000000c3e00000, 0x00000000c3f00000|  0%| F|  |TAMS 0x00000000c3e00000, 0x00000000c3e00000| Untracked 
|  43|0x00000000c3f00000, 0x00000000c3f00000, 0x00000000c4000000|  0%| F|  |TAMS 0x00000000c3f00000, 0x00000000c3f00000| Untracked 
|  44|0x00000000c4000000, 0x00000000c4000000, 0x00000000c4100000|  0%| F|  |TAMS 0x00000000c4000000, 0x00000000c4000000| Untracked 
|  45|0x00000000c4100000, 0x00000000c4100000, 0x00000000c4200000|  0%| F|  |TAMS 0x00000000c4100000, 0x00000000c4100000| Untracked 
|  46|0x00000000c4200000, 0x00000000c4200000, 0x00000000c4300000|  0%| F|  |TAMS 0x00000000c4200000, 0x00000000c4200000| Untracked 
|  47|0x00000000c4300000, 0x00000000c4300000, 0x00000000c4400000|  0%| F|  |TAMS 0x00000000c4300000, 0x00000000c4300000| Untracked 
|  48|0x00000000c4400000, 0x00000000c4400000, 0x00000000c4500000|  0%| F|  |TAMS 0x00000000c4400000, 0x00000000c4400000| Untracked 
|  49|0x00000000c4500000, 0x00000000c4500000, 0x00000000c4600000|  0%| F|  |TAMS 0x00000000c4500000, 0x00000000c4500000| Untracked 
|  50|0x00000000c4600000, 0x00000000c4600000, 0x00000000c4700000|  0%| F|  |TAMS 0x00000000c4600000, 0x00000000c4600000| Untracked 
|  51|0x00000000c4700000, 0x00000000c4700000, 0x00000000c4800000|  0%| F|  |TAMS 0x00000000c4700000, 0x00000000c4700000| Untracked 
|  52|0x00000000c4800000, 0x00000000c4800000, 0x00000000c4900000|  0%| F|  |TAMS 0x00000000c4800000, 0x00000000c4800000| Untracked 
|  53|0x00000000c4900000, 0x00000000c4900000, 0x00000000c4a00000|  0%| F|  |TAMS 0x00000000c4900000, 0x00000000c4900000| Untracked 
|  54|0x00000000c4a00000, 0x00000000c4a00000, 0x00000000c4b00000|  0%| F|  |TAMS 0x00000000c4a00000, 0x00000000c4a00000| Untracked 
|  55|0x00000000c4b00000, 0x00000000c4b00000, 0x00000000c4c00000|  0%| F|  |TAMS 0x00000000c4b00000, 0x00000000c4b00000| Untracked 
|  56|0x00000000c4c00000, 0x00000000c4c00000, 0x00000000c4d00000|  0%| F|  |TAMS 0x00000000c4c00000, 0x00000000c4c00000| Untracked 
|  57|0x00000000c4d00000, 0x00000000c4d00000, 0x00000000c4e00000|  0%| F|  |TAMS 0x00000000c4d00000, 0x00000000c4d00000| Untracked 
|  58|0x00000000c4e00000, 0x00000000c4e00000, 0x00000000c4f00000|  0%| F|  |TAMS 0x00000000c4e00000, 0x00000000c4e00000| Untracked 
|  59|0x00000000c4f00000, 0x00000000c4f00000, 0x00000000c5000000|  0%| F|  |TAMS 0x00000000c4f00000, 0x00000000c4f00000| Untracked 
|  60|0x00000000c5000000, 0x00000000c5000000, 0x00000000c5100000|  0%| F|  |TAMS 0x00000000c5000000, 0x00000000c5000000| Untracked 
|  61|0x00000000c5100000, 0x00000000c51578f0, 0x00000000c5200000| 34%| E|  |TAMS 0x00000000c5100000, 0x00000000c5100000| Complete 
|  62|0x00000000c5200000, 0x00000000c52752d0, 0x00000000c5300000| 45%| S|CS|TAMS 0x00000000c5200000, 0x00000000c5200000| Complete 
|  63|0x00000000c5300000, 0x00000000c5400000, 0x00000000c5400000|100%| E|CS|TAMS 0x00000000c5300000, 0x00000000c5300000| Complete 

Card table byte_map: [0x0000020d9c1e0000,0x0000020d9c3e0000] _byte_map_base: 0x0000020d9bbd6000

Marking Bits (Prev, Next): (CMBitMap*) 0x0000020d853b10b0, (CMBitMap*) 0x0000020d853b1078
 Prev Bits: [0x0000020d9d590000, 0x0000020d9e540000)
 Next Bits: [0x0000020d9c5e0000, 0x0000020d9d590000)

Polling page: 0x0000020d83b80000

Metaspace:

Usage:
  Non-class:      4.21 MB capacity,     4.17 MB ( 99%) used,    45.06 KB (  1%) free+waste,     1.63 KB ( <1%) overhead. 
      Class:    439.00 KB capacity,   400.16 KB ( 91%) used,    37.59 KB (  9%) free+waste,     1.25 KB ( <1%) overhead. 
       Both:      4.64 MB capacity,     4.56 MB ( 98%) used,    82.65 KB (  2%) free+waste,     2.88 KB ( <1%) overhead. 

Virtual space:
  Non-class space:       18.00 MB reserved,       4.25 MB ( 24%) committed 
      Class space:        1.00 GB reserved,     512.00 KB ( <1%) committed 
             Both:        1.02 GB reserved,       4.75 MB ( <1%) committed 

Chunk freelists:
   Non-Class:  4.88 KB
       Class:  1.13 KB
        Both:  6.00 KB

CodeHeap 'non-profiled nmethods': size=120064Kb used=47Kb max_used=47Kb free=120016Kb
 bounds [0x0000020d94480000, 0x0000020d946f0000, 0x0000020d9b9c0000]
CodeHeap 'profiled nmethods': size=120000Kb used=189Kb max_used=189Kb free=119810Kb
 bounds [0x0000020d8cf50000, 0x0000020d8d1c0000, 0x0000020d94480000]
CodeHeap 'non-nmethods': size=5696Kb used=1019Kb max_used=1031Kb free=4676Kb
 bounds [0x0000020d8c9c0000, 0x0000020d8cc30000, 0x0000020d8cf50000]
 total_blobs=456 nmethods=168 adapters=200
 compilation: enabled
              stopped_count=0, restarted_count=0
 full_count=0

Compilation events (10 events):
Event: 0.703 Thread 0x0000020da1399000  163       3       java.util.AbstractSet::<init> (5 bytes)
Event: 0.703 Thread 0x0000020da1399000 nmethod 163 0x0000020d8cf7ec10 code [0x0000020d8cf7edc0, 0x0000020d8cf7ef78]
Event: 0.703 Thread 0x0000020da132f800  164       4       java.util.HashMap::putVal (300 bytes)
Event: 0.708 Thread 0x0000020da1399000  166       1       java.lang.module.ResolvedModule::configuration (5 bytes)
Event: 0.708 Thread 0x0000020da1399000 nmethod 166 0x0000020d9448b210 code [0x0000020d9448b3a0, 0x0000020d9448b458]
Event: 0.708 Thread 0x0000020da1399000  167       3       java.util.Collections$UnmodifiableCollection$1::hasNext (10 bytes)
Event: 0.708 Thread 0x0000020da1399000 nmethod 167 0x0000020d8cf7f090 code [0x0000020d8cf7f240, 0x0000020d8cf7f408]
Event: 0.708 Thread 0x0000020da1399000  168       1       java.lang.module.ModuleDescriptor::isOpen (5 bytes)
Event: 0.708 Thread 0x0000020da1399000 nmethod 168 0x0000020d9448b510 code [0x0000020d9448b6a0, 0x0000020d9448b758]
Event: 0.710 Thread 0x0000020da1399000  169       1       java.lang.module.ModuleDescriptor$Provides::service (5 bytes)

GC Heap History (2 events):
Event: 0.621 GC heap before
{Heap before GC invocations=0 (full 0):
 garbage-first heap   total 65536K, used 0K [0x00000000c1400000, 0x0000000100000000)
  region size 1024K, 1 young (1024K), 0 survivors (0K)
 Metaspace       used 3941K, capacity 4480K, committed 4480K, reserved 1064960K
  class space    used 317K, capacity 384K, committed 384K, reserved 1048576K
}
Event: 0.623 GC heap after
{Heap after GC invocations=1 (full 0):
 garbage-first heap   total 65536K, used 468K [0x00000000c1400000, 0x0000000100000000)
  region size 1024K, 1 young (1024K), 1 survivors (1024K)
 Metaspace       used 3941K, capacity 4480K, committed 4480K, reserved 1064960K
  class space    used 317K, capacity 384K, committed 384K, reserved 1048576K
}

Deoptimization events (0 events):
No events

Classes redefined (0 events):
No events

Internal exceptions (0 events):
No events

Events (10 events):
Event: 0.690 loading class jdk/internal/module/ModuleLoaderMap
Event: 0.690 loading class jdk/internal/module/ModuleLoaderMap done
Event: 0.691 loading class jdk/internal/module/ModuleLoaderMap$Mapper
Event: 0.691 loading class jdk/internal/module/ModuleLoaderMap$Mapper done
Event: 0.692 loading class java/util/concurrent/ConcurrentHashMap$ForwardingNode
Event: 0.692 loading class java/util/concurrent/ConcurrentHashMap$ForwardingNode done
Event: 0.708 loading class java/util/concurrent/CopyOnWriteArrayList
Event: 0.709 loading class java/util/concurrent/CopyOnWriteArrayList done
Event: 0.709 loading class jdk/internal/module/ServicesCatalog$ServiceProvider
Event: 0.709 loading class jdk/internal/module/ServicesCatalog$ServiceProvider done


Dynamic libraries:
0x00007ff6d70c0000 - 0x00007ff6d70cf000 	C:\Program Files\Java\jdk-11.0.13\bin\java.exe
0x00007ffae6850000 - 0x00007ffae6a45000 	C:\Windows\SYSTEM32\ntdll.dll
0x00007ffae4a20000 - 0x00007ffae4ade000 	C:\Windows\System32\KERNEL32.DLL
0x00007ffae4200000 - 0x00007ffae44c8000 	C:\Windows\System32\KERNELBASE.dll
0x00007ffae3f70000 - 0x00007ffae4070000 	C:\Windows\System32\ucrtbase.dll
0x00007ffadc620000 - 0x00007ffadc635000 	C:\Program Files\Java\jdk-11.0.13\bin\VCRUNTIME140.dll
0x00007ffadc600000 - 0x00007ffadc618000 	C:\Program Files\Java\jdk-11.0.13\bin\jli.dll
0x00007ffae5200000 - 0x00007ffae52ae000 	C:\Windows\System32\ADVAPI32.dll
0x00007ffae6770000 - 0x00007ffae680e000 	C:\Windows\System32\msvcrt.dll
0x00007ffae66b0000 - 0x00007ffae674c000 	C:\Windows\System32\sechost.dll
0x00007ffae50d0000 - 0x00007ffae51f5000 	C:\Windows\System32\RPCRT4.dll
0x00007ffae61f0000 - 0x00007ffae6390000 	C:\Windows\System32\USER32.dll
0x00007ffae4070000 - 0x00007ffae4092000 	C:\Windows\System32\win32u.dll
0x00007ffae4ae0000 - 0x00007ffae4b0b000 	C:\Windows\System32\GDI32.dll
0x00007ffae40f0000 - 0x00007ffae41fb000 	C:\Windows\System32\gdi32full.dll
0x00007ffacffa0000 - 0x00007ffad023a000 	C:\Windows\WinSxS\amd64_microsoft.windows.common-controls_6595b64144ccf1df_6.0.19041.1110_none_60b5254171f9507e\COMCTL32.dll
0x00007ffae46a0000 - 0x00007ffae473d000 	C:\Windows\System32\msvcp_win.dll
0x00007ffade330000 - 0x00007ffade33a000 	C:\Windows\SYSTEM32\VERSION.dll
0x00007ffae5460000 - 0x00007ffae5490000 	C:\Windows\System32\IMM32.DLL
0x00007ffac1e00000 - 0x00007ffac1e9b000 	C:\Program Files\Java\jdk-11.0.13\bin\msvcp140.dll
0x00007ffaafb00000 - 0x00007ffab0613000 	C:\Program Files\Java\jdk-11.0.13\bin\server\jvm.dll
0x00007ffae5a30000 - 0x00007ffae5a38000 	C:\Windows\System32\PSAPI.DLL
0x00007ffae1700000 - 0x00007ffae1709000 	C:\Windows\SYSTEM32\WSOCK32.dll
0x00007ffae63a0000 - 0x00007ffae640b000 	C:\Windows\System32\WS2_32.dll
0x00007ffae16d0000 - 0x00007ffae16f7000 	C:\Windows\SYSTEM32\WINMM.dll
0x00007ffae1ea0000 - 0x00007ffae1eb2000 	C:\Windows\SYSTEM32\kernel.appcore.dll
0x00007ffae1770000 - 0x00007ffae1780000 	C:\Program Files\Java\jdk-11.0.13\bin\verify.dll
0x00007ffadb0b0000 - 0x00007ffadb294000 	C:\Windows\SYSTEM32\DBGHELP.DLL
0x00007ffadadd0000 - 0x00007ffadadfc000 	C:\Windows\SYSTEM32\dbgcore.DLL
0x00007ffae4820000 - 0x00007ffae48a2000 	C:\Windows\System32\bcryptPrimitives.dll
0x00007ffadc5d0000 - 0x00007ffadc5f8000 	C:\Program Files\Java\jdk-11.0.13\bin\java.dll
0x00007ffae1740000 - 0x00007ffae174a000 	C:\Program Files\Java\jdk-11.0.13\bin\jimage.dll
0x00007ffae1710000 - 0x00007ffae171e000 	C:\Program Files\Java\jdk-11.0.13\bin\instrument.dll
0x00007ffadc5b0000 - 0x00007ffadc5c6000 	C:\Program Files\Java\jdk-11.0.13\bin\zip.dll
0x00007ffae5aa0000 - 0x00007ffae61e4000 	C:\Windows\System32\SHELL32.dll
0x00007ffae20a0000 - 0x00007ffae2834000 	C:\Windows\SYSTEM32\windows.storage.dll
0x00007ffae4cc0000 - 0x00007ffae5014000 	C:\Windows\System32\combase.dll
0x00007ffae39d0000 - 0x00007ffae39fc000 	C:\Windows\SYSTEM32\Wldp.dll
0x00007ffae5020000 - 0x00007ffae50cd000 	C:\Windows\System32\SHCORE.dll
0x00007ffae5a40000 - 0x00007ffae5a95000 	C:\Windows\System32\shlwapi.dll
0x00007ffae3eb0000 - 0x00007ffae3ecf000 	C:\Windows\SYSTEM32\profapi.dll

dbghelp: loaded successfully - version: 4.0.5 - missing functions: none
symbol engine: initialized successfully - sym options: 0x614 - pdb path: .;C:\Program Files\Java\jdk-11.0.13\bin;C:\Windows\SYSTEM32;C:\Windows\WinSxS\amd64_microsoft.windows.common-controls_6595b64144ccf1df_6.0.19041.1110_none_60b5254171f9507e;C:\Program Files\Java\jdk-11.0.13\bin\server

VM Arguments:
jvm_args: -javaagent:C:\Program Files\JetBrains\IntelliJ IDEA Community Edition 2021.3.2\lib\idea_rt.jar=51973:C:\Program Files\JetBrains\IntelliJ IDEA Community Edition 2021.3.2\bin -Dfile.encoding=UTF-8 
java_command: day33_varargs_stringBuilder.C06_StringBuilder
java_class_path (initial): C:\Users\ASUS\IdeaProjects\java2022WinterTr\out\production\java2022WinterTr
Launcher Type: SUN_STANDARD

[Global flags]
     intx CICompilerCount                          = 3                                         {product} {ergonomic}
     uint ConcGCThreads                            = 1                                         {product} {ergonomic}
     uint G1ConcRefinementThreads                  = 4                                         {product} {ergonomic}
   size_t G1HeapRegionSize                         = 1048576                                   {product} {ergonomic}
    uintx GCDrainStackTargetSize                   = 64                                        {product} {ergonomic}
   size_t InitialHeapSize                          = 67108864                                  {product} {ergonomic}
   size_t MarkStackSize                            = 4194304                                   {product} {ergonomic}
   size_t MaxHeapSize                              = 1052770304                                {product} {ergonomic}
   size_t MaxNewSize                               = 631242752                                 {product} {ergonomic}
   size_t MinHeapDeltaBytes                        = 1048576                                   {product} {ergonomic}
    uintx NonNMethodCodeHeapSize                   = 5830732                                {pd product} {ergonomic}
    uintx NonProfiledCodeHeapSize                  = 122913754                              {pd product} {ergonomic}
    uintx ProfiledCodeHeapSize                     = 122913754                              {pd product} {ergonomic}
    uintx ReservedCodeCacheSize                    = 251658240                              {pd product} {ergonomic}
     bool SegmentedCodeCache                       = true                                      {product} {ergonomic}
     bool UseCompressedClassPointers               = true                                 {lp64_product} {ergonomic}
     bool UseCompressedOops                        = true                                 {lp64_product} {ergonomic}
     bool UseG1GC                                  = true                                      {product} {ergonomic}
     bool UseLargePagesIndividualAllocation        = false                                  {pd product} {ergonomic}

Logging:
Log output configuration:
 #0: stdout all=warning uptime,level,tags
 #1: stderr all=off uptime,level,tags

Environment Variables:
JAVA_HOME=C:\Program Files\Java\jdk-11.0.13
PATH=C:\Program Files\Common Files\Oracle\Java\javapath;C:\Program Files (x86)\Intel\iCLS Client\;C:\Program Files\Intel\iCLS Client\;C:\Windows\system32;C:\Windows;C:\Windows\System32\Wbem;C:\Windows\System32\WindowsPowerShell\v1.0\;C:\Windows\System32\OpenSSH\;C:\Program Files (x86)\Intel\Intel(R) Management Engine Components\DAL;C:\Program Files\Intel\Intel(R) Management Engine Components\DAL;C:\Program Files (x86)\Intel\Intel(R) Management Engine Components\IPT;C:\Program Files\Intel\Intel(R) Management Engine Components\IPT;C:\Program Files\Git\cmd;C:\Users\ASUS\AppData\Local\Microsoft\WindowsApps;C:\Program Files\Java\jdk-11.0.13\bin;
USERNAME=ASUS
OS=Windows_NT
PROCESSOR_IDENTIFIER=Intel64 Family 6 Model 142 Stepping 9, GenuineIntel



---------------  S Y S T E M  ---------------

OS: Windows 10 , 64 bit Build 19041 (10.0.19041.1566)

CPU:total 4 (initial active 4) (2 cores per cpu, 2 threads per core) family 6 model 142 stepping 9 microcode 0xb4, cmov, cx8, fxsr, mmx, sse, sse2, sse3, ssse3, sse4.1, sse4.2, popcnt, avx, avx2, aes, clmul, erms, 3dnowpref, lzcnt, ht, tsc, tscinvbit, bmi1, bmi2, adx, fma

Memory: 4k page, system-wide physical 4012M (439M free)
TotalPageFile size 16300M (AvailPageFile size 0M)
current process WorkingSet (physical memory assigned to process): 29M, peak: 29M
current process commit charge ("private bytes"): 128M, peak: 128M

vm_info: Java HotSpot(TM) 64-Bit Server VM (11.0.13+10-LTS-370) for windows-amd64 JRE (11.0.13+10-LTS-370), built on Sep 15 2021 22:10:36 by "mach5one" with MS VC++ 15.9 (VS2017)

END.
